enter the password - 526
163
291
386
143
695
6
671
513
8
438
264
51
270
349
284
342
538
167
231
57
269
450
495
653
685
99
227
263
366
406
591
655
697
24
176
302
663
118
130
159
185
228
297
583
643
686
5
15
92
146
207
355
400
479
490
555
31
61
76
215
238
249
377
693
708
11
83
109
131
183
346
350
371
435
475
524
540
78
81
205
360
372
431
446
456
494
506
547
596
599
616
683
718
37
38
195
244
247
258
463
534
535
589
604
711
45
46
90
289
318
323
397
544
580
638
85
98
200
262
319
330
409
437
453
598
611
674
70
74
145
168
175
187
225
232
236
242
285
436
455
529
567
631
647
35
95
100
179
248
255
257
275
293
327
348
351
391
395
405
447
449
471
501
508
509
575
49
64
67
125
139
201
202
211
235
245
265
294
321
340
347
358
407
469
487
496
503
523
546
609
615
619
648
678
707
712
25
40
54
56
59
110
119
124
155
178
184
186
214
220
223
243
261
271
272
278
306
373
404
428
439
440
454
497
517
558
563
572
612
634
654
657
705
715
9
39
55
63
115
136
153
173
209
219
229
233
281
299
317
329
335
345
352
363
399
442
457
458
462
468
474
481
498
519
527
577
586
587
588
620
623
625
636
677
681
698
703
717
30
44
48
65
66
69
72
82
84
102
108
117
133
157
161
165
171
177
188
206
241
259
267
303
328
374
388
401
403
422
426
483
484
488
491
505
507
512
528
554
566
600
603
607
610
617
628
635
704
19
20
21
26
28
41
43
75
79
96
111
112
116
138
142
144
147
149
154
156
180
190
191
192
194
196
210
216
234
240
277
279
286
287
290
296
309
313
314
320
325
357
364
387
412
414
423
424
459
467
470
472
478
493
530
531
539
549
552
553
556
581
584
590
614
618
624
637
644
645
646
649
651
666
668
673
680
688
709
714
1
3
4
12
13
14
16
17
22
23
27
29
33
34
36
42
50
52
58
71
80
86
87
88
91
93
94
104
106
113
121
127
128
129
132
134
137
141
148
151
158
160
164
169
170
181
182
193
197
198
199
212
217
218
237
250
252
254
256
260
266
282
283
295
305
307
308
310
315
316
322
324
331
334
336
337
338
344
359
361
362
367
369
370
375
376
378
379
383
385
392
393
408
413
417
418
419
421
427
429
430
441
443
448
451
452
460
461
464
473
480
482
485
486
489
492
499
504
511
522
537
541
542
543
545
548
551
559
564
565
569
576
578
582
593
594
595
601
605
606
613
626
627
630
639
641
652
656
658
659
660
662
664
665
667
670
676
687
690
691
692
694
700
702
706
710
713
0
2
7
10
18
32
47
53
60
62
68
73
77
89
97
101
103
105
107
114
120
122
123
126
135
140
150
152
162
166
172
174
189
203
204
208
213
221
222
224
226
230
239
246
251
253
268
273
274
276
280
288
292
298
300
301
304
311
312
326
332
333
339
341
343
353
354
356
365
368
380
381
382
384
389
390
394
396
398
402
410
411
415
416
420
425
432
433
434
444
445
465
466
476
477
500
502
510
514
515
516
518
520
521
525
532
533
536
550
557
560
561
562
568
570
571
573
574
579
585
592
597
602
608
621
622
629
632
633
640
642
650
661
669
672
675
679
682
684
689
696
699
701
716
list eneded
0
list ended
1
2
6
10
14
16
19
21
22
24
25
32
34
36
39
47
50
69
70
72
88
89
101
104
105
110
111
145
147
150
153
160
162
163
165
175
180
186
195
208
215
216
223
231
235
246
253
260
288
292
293
296
300
317
318
333
337
339
344
345
349
353
356
357
364
365
367
368
377
380
423
428
431
441
448
454
456
457
474
475
480
481
497
500
501
508
522
524
527
529
539
541
543
544
551
555
556
586
588
589
592
593
597
599
608
628
648
673
736
750
778
780
782
784
788
829
832
836
858
904
908
909
912
919
920
923
924
949
1020
1036
1041
1049
1059
1060
1061
1073
1079
1084
1089
1090
1095
1097
1100
1101
1103
1120
1136
1147
1178
1185
1186
1189
1193
1194
1196
1198
1199
1200
1201
1203
1206
1207
1208
1209
1210
1213
1214
1217
1219
1220
1221
1222
1225
1227
1228
1230
1231
1234
1237
1240
1242
1244
1245
1247
1250
1252
1258
1259
1262
1263
1265
1266
1270
1272
1276
1285
1288
1291
1292
1293
1304
1
1
1
1
1
1
1
2
1
1
1
1
1
1
1
1
1
1
1
1
1
1
1
1
1
1
1
260
1
1
1
16
1
1
1
1
1
1
1
32
1
1
1
2
2
1
1
1
1
1
1
1
1
2
32
1
1
1
19
1
1
1
1
1
1
1
50
1
1
1
1
1
1
1
1
1
10
1
1
105
1
1
1
1
1
10
1
1
1
1
17
6
1
1
1
1
10
1
1
21
1
1
1
1
1
16
16
16
1
1
1
6
1
3
1
1
11
1
3
318
914
1
1
1
2
296
1
1
1
6
1
145
14
110
1
47
1
12
318
1
1
1
47
14
1
1
1
260
32
1
1
6
1
1
208
1
1
260
16
1
12
6
5
1
1
1
32
1
6
5
1
1
2
4
10
1
1
32
32
2
1
6
1
9
260
1
1
1
34
1
2
5
47
52
11
16
239
1
1
10
1
39
1
261
6
10
260
1
1
2
17
32
110
260
10
2
17
32
1
1
1
6
1
1
5
50
1
1
1
1
1
10
1
32
17
175
47
65
50
32
1
24
3
1
48
2
62
2
7
2
50
1
65
1
34
296
11
1
6
1
1
1
47
16
1
48
1
60
11
1
1
50
11
26
16
1
32
1
34
16
21
1
1
22
1
1
48
11
198
1
3535
1
41
260
50
110
14
29
227
1
345
605
1
3
50
1
1
1
256
1
110
107
50
104
7
2
32
356
47
1
19
1
2
296
10
105
50
12
750
512
6
47
1
915
110
260
1
1
527
32
1
9
1
356
47
3
6
11
6
1
356
1
349
70
239
3
1
222
222
296
318
1
6
32
50
260
225
88
44
262
6
32
1
1
60
34
2
50
104
11
260
6
6
1
32
3
454
50
318
1
509
6
16
10
318
7
32
3
1
110
17
110
1
50
296
63
17
1
163
32
44
5
2
303
605
1
10
13
6
468
65
10
1
10
32
110
1
12
1183
1
50
203
19
17
104
1
5
10
1407
10
6
2
145
16
34
1
2
1533
1
1
10
193
10
2
1032
73
31
1
10
47
3
2
32
110
111
1
6
19
10
50
1
913
1
1
10
480
163
7
2
69
18
110
45
10
1
1
296
1
111
50
34
3
20
150
1
50
153
3
32
2
150
47
1
25
247
32
58
1
1
19
7
2
6
1840
1
110
34
37
2
39
2
110
6
107
1
60
1
16
1
110
17
2
2
16
50
32
223
110
25
1
5
10
44
10
1
18
904
24
2
60
6
110
110
111
2
1
1
2
1183
6
34
1
10
1
2
2
1
2
345
1
28
1
47
10
0
